<?xml version="1.0" encoding="UTF-8" standalone="no"?>
<testsuite failures="0" name="cucumber.runtime.formatter.JUnitFormatter" skipped="0" tests="1" time="9.792371">
    <testcase classname="Free CRM Login Feature" name="Free Login Test Scenario" time="9.792371">
        <system-out>
            <![CDATA[Given User is already on login page.........................................passed
When Title of login page is Free CRM........................................passed
Then User enter "naveenk" and "test@123"....................................passed
Then User click on submit button............................................passed
Then User is on Home page...................................................passed
]]>
        </system-out>
    </testcase>
</testsuite>
